<?xml version="1.0" encoding="UTF-8"?>
<!-- Generated by org.testng.reporters.JUnitReportReporter -->
<testsuite skipped="0" hostname="192.168.1.3" name="TestNG.pom.DemoWebShopTestCasesEdge" tests="4" failures="0" timestamp="2022-06-14T14:13:04 CDT" time="64.182" errors="0">
  <testcase name="createUser" time="11.952" classname="TestNG.pom.DemoWebShopTestCasesEdge"/>
  <system-out/>
  <testcase name="loginUser" time="11.536" classname="TestNG.pom.DemoWebShopTestCasesEdge"/>
  <system-out/>
  <testcase name="testingProdBar" time="14.389" classname="TestNG.pom.DemoWebShopTestCasesEdge"/>
  <system-out/>
  <testcase name="testBooksSectionandDropDowns" time="26.305" classname="TestNG.pom.DemoWebShopTestCasesEdge"/>
  <system-out/>
</testsuite> <!-- TestNG.pom.DemoWebShopTestCasesEdge -->
