<?xml version="1.0" encoding="UTF-8"?>
<!-- Generated by org.testng.reporters.JUnitReportReporter -->
<testsuite skipped="0" hostname="192.168.1.9" name="TestNG.pom.DemoWebShopTestCasesChrome" tests="3" failures="0" timestamp="2022-03-15T19:51:36 CST" time="33.274" errors="0">
  <testcase name="createUser" time="10.124" classname="TestNG.pom.DemoWebShopTestCasesChrome"/>
  <system-out/>
  <testcase name="loginUser" time="9.275" classname="TestNG.pom.DemoWebShopTestCasesChrome"/>
  <system-out/>
  <testcase name="testingProdBar" time="13.875" classname="TestNG.pom.DemoWebShopTestCasesChrome"/>
  <system-out/>
</testsuite> <!-- TestNG.pom.DemoWebShopTestCasesChrome -->
