<?xml version="1.0" encoding="UTF-8"?>
<!-- Generated by org.testng.reporters.JUnitReportReporter -->
<testsuite skipped="0" hostname="192.168.1.9" name="TestNG.pom.DemoWebShopCreateAccount" tests="1" failures="0" timestamp="2022-03-15T19:40:46 CST" time="12.383" errors="0">
  <testcase name="createUser" time="12.383" classname="TestNG.pom.DemoWebShopCreateAccount"/>
  <system-out/>
</testsuite> <!-- TestNG.pom.DemoWebShopCreateAccount -->
