<?xml version="1.0" encoding="UTF-8"?>
<!-- Generated by org.testng.reporters.JUnitReportReporter -->
<testsuite skipped="0" hostname="192.168.1.3" name="TestNG.pom.DemoWebShopTestCasesChrome" tests="4" failures="0" timestamp="2022-06-14T14:23:14 CDT" time="62.019" errors="0">
  <testcase name="createUser" time="11.048" classname="TestNG.pom.DemoWebShopTestCasesChrome"/>
  <system-out/>
  <testcase name="loginUser" time="10.181" classname="TestNG.pom.DemoWebShopTestCasesChrome"/>
  <system-out/>
  <testcase name="testingProdBar" time="14.122" classname="TestNG.pom.DemoWebShopTestCasesChrome"/>
  <system-out/>
  <testcase name="testBooksSectionandDropDowns" time="26.668" classname="TestNG.pom.DemoWebShopTestCasesChrome"/>
  <system-out/>
</testsuite> <!-- TestNG.pom.DemoWebShopTestCasesChrome -->
