<?xml version="1.0" encoding="UTF-8"?>
<!-- Generated by org.testng.reporters.JUnitReportReporter -->
<testsuite skipped="0" hostname="192.168.1.3" name="TestNG.pom.DemoWebShopTestCasesChrome" tests="4" failures="0" timestamp="2022-06-14T17:23:53 CDT" time="64.156" errors="0">
  <testcase name="createUser" time="9.620" classname="TestNG.pom.DemoWebShopTestCasesChrome"/>
  <system-out/>
  <testcase name="loginUser" time="13.800" classname="TestNG.pom.DemoWebShopTestCasesChrome"/>
  <system-out/>
  <testcase name="testingProdBar" time="13.765" classname="TestNG.pom.DemoWebShopTestCasesChrome"/>
  <system-out/>
  <testcase name="testBooksSectionandDropDowns" time="26.971" classname="TestNG.pom.DemoWebShopTestCasesChrome"/>
  <system-out/>
</testsuite> <!-- TestNG.pom.DemoWebShopTestCasesChrome -->
