<?xml version="1.0" encoding="UTF-8"?>
<!-- Generated by org.testng.reporters.JUnitReportReporter -->
<testsuite skipped="0" hostname="192.168.1.3" name="TestNG.pom.DemoWebShopTestCasesEdge" tests="4" failures="0" timestamp="2022-06-14T14:23:14 CDT" time="62.618" errors="0">
  <testcase name="createUser" time="10.366" classname="TestNG.pom.DemoWebShopTestCasesEdge"/>
  <system-out/>
  <testcase name="loginUser" time="10.221" classname="TestNG.pom.DemoWebShopTestCasesEdge"/>
  <system-out/>
  <testcase name="testingProdBar" time="15.147" classname="TestNG.pom.DemoWebShopTestCasesEdge"/>
  <system-out/>
  <testcase name="testBooksSectionandDropDowns" time="26.884" classname="TestNG.pom.DemoWebShopTestCasesEdge"/>
  <system-out/>
</testsuite> <!-- TestNG.pom.DemoWebShopTestCasesEdge -->
