<?xml version="1.0" encoding="UTF-8"?>
<!-- Generated by org.testng.reporters.JUnitReportReporter -->
<testsuite skipped="0" hostname="192.168.1.3" name="TestNG.pom.DemoWebShopTestCasesChrome" tests="4" failures="0" timestamp="2022-06-14T14:13:04 CDT" time="59.765" errors="0">
  <testcase name="createUser" time="10.686" classname="TestNG.pom.DemoWebShopTestCasesChrome"/>
  <system-out/>
  <testcase name="loginUser" time="9.262" classname="TestNG.pom.DemoWebShopTestCasesChrome"/>
  <system-out/>
  <testcase name="testingProdBar" time="13.129" classname="TestNG.pom.DemoWebShopTestCasesChrome"/>
  <system-out/>
  <testcase name="testBooksSectionandDropDowns" time="26.688" classname="TestNG.pom.DemoWebShopTestCasesChrome"/>
  <system-out/>
</testsuite> <!-- TestNG.pom.DemoWebShopTestCasesChrome -->
