<?xml version="1.0" encoding="UTF-8"?>
<!-- Generated by org.testng.reporters.JUnitReportReporter -->
<testsuite skipped="0" hostname="192.168.1.3" name="TestNG.pom.DemoWebShopTestCasesEdge" tests="4" failures="0" timestamp="2022-06-14T17:23:53 CDT" time="60.844" errors="0">
  <testcase name="createUser" time="11.391" classname="TestNG.pom.DemoWebShopTestCasesEdge"/>
  <system-out/>
  <testcase name="loginUser" time="11.776" classname="TestNG.pom.DemoWebShopTestCasesEdge"/>
  <system-out/>
  <testcase name="testingProdBar" time="12.420" classname="TestNG.pom.DemoWebShopTestCasesEdge"/>
  <system-out/>
  <testcase name="testBooksSectionandDropDowns" time="25.257" classname="TestNG.pom.DemoWebShopTestCasesEdge"/>
  <system-out/>
</testsuite> <!-- TestNG.pom.DemoWebShopTestCasesEdge -->
