<?xml version="1.0" encoding="UTF-8"?>
<!-- Generated by org.testng.reporters.JUnitReportReporter -->
<testsuite skipped="0" hostname="192.168.1.3" name="TestNG.pom.DemoWebShopTestCasesChrome" tests="4" failures="0" timestamp="2022-06-14T14:18:42 CDT" time="61.807" errors="0">
  <testcase name="createUser" time="9.731" classname="TestNG.pom.DemoWebShopTestCasesChrome"/>
  <system-out/>
  <testcase name="loginUser" time="10.832" classname="TestNG.pom.DemoWebShopTestCasesChrome"/>
  <system-out/>
  <testcase name="testingProdBar" time="14.698" classname="TestNG.pom.DemoWebShopTestCasesChrome"/>
  <system-out/>
  <testcase name="testBooksSectionandDropDowns" time="26.546" classname="TestNG.pom.DemoWebShopTestCasesChrome"/>
  <system-out/>
</testsuite> <!-- TestNG.pom.DemoWebShopTestCasesChrome -->
