<?xml version="1.0" encoding="UTF-8"?>
<!-- Generated by org.testng.reporters.JUnitReportReporter -->
<testsuite skipped="0" hostname="192.168.1.3" name="TestNG.pom.DemoWebShopTestCasesEdge" tests="4" failures="0" timestamp="2022-06-14T14:18:42 CDT" time="61.990" errors="0">
  <testcase name="createUser" time="9.965" classname="TestNG.pom.DemoWebShopTestCasesEdge"/>
  <system-out/>
  <testcase name="loginUser" time="11.817" classname="TestNG.pom.DemoWebShopTestCasesEdge"/>
  <system-out/>
  <testcase name="testingProdBar" time="14.325" classname="TestNG.pom.DemoWebShopTestCasesEdge"/>
  <system-out/>
  <testcase name="testBooksSectionandDropDowns" time="25.883" classname="TestNG.pom.DemoWebShopTestCasesEdge"/>
  <system-out/>
</testsuite> <!-- TestNG.pom.DemoWebShopTestCasesEdge -->
